<?xml version="1.0" encoding="UTF-8"?>
<!-- Generated by org.testng.reporters.JUnitReportReporter -->
<testsuite hostname="DESKTOP-0SMTTDJ" failures="0" tests="2" name="Selenium_Mock.ParallelClass1" time="0.126" errors="0" timestamp="2024-01-23T15:15:11 IST" skipped="0">
  <testcase classname="Selenium_Mock.ParallelClass1" name="test3" time="0.055"/>
  <system-out>
    <![CDATA[test 3]]>
  </system-out>
  <testcase classname="Selenium_Mock.ParallelClass1" name="test4" time="0.071"/>
  <system-out>
    <![CDATA[test 4]]>
  </system-out>
</testsuite> <!-- Selenium_Mock.ParallelClass1 -->
