<?xml version="1.0" encoding="UTF-8"?>
<!-- Generated by org.testng.reporters.JUnitReportReporter -->
<testsuite hostname="DESKTOP-0SMTTDJ" failures="0" tests="2" name="Selenium_Mock.ParallelClass4" time="0.053" errors="0" timestamp="2024-01-23T15:15:11 IST" skipped="0">
  <testcase classname="Selenium_Mock.ParallelClass4" name="test10" time="0.032"/>
  <system-out>
    <![CDATA[test 10]]>
  </system-out>
  <testcase classname="Selenium_Mock.ParallelClass4" name="test9" time="0.021"/>
  <system-out>
    <![CDATA[test 9]]>
  </system-out>
</testsuite> <!-- Selenium_Mock.ParallelClass4 -->
