<?xml version="1.0" encoding="UTF-8"?>
<!-- Generated by org.testng.reporters.JUnitReportReporter -->
<testsuite hostname="DESKTOP-0SMTTDJ" failures="0" tests="2" name="Selenium_Mock.ParallelClass3" time="0.048" errors="0" timestamp="2024-01-23T15:15:11 IST" skipped="0">
  <testcase classname="Selenium_Mock.ParallelClass3" name="test8" time="0.021"/>
  <system-out>
    <![CDATA[test 8]]>
  </system-out>
  <testcase classname="Selenium_Mock.ParallelClass3" name="test7" time="0.027"/>
  <system-out>
    <![CDATA[test 7]]>
  </system-out>
</testsuite> <!-- Selenium_Mock.ParallelClass3 -->
