<?xml version="1.0" encoding="UTF-8"?>
<!-- Generated by org.testng.reporters.JUnitReportReporter -->
<testsuite hostname="DESKTOP-0SMTTDJ" failures="0" tests="2" name="Selenium_Mock.ParallelClass2" time="0.053" errors="0" timestamp="2024-01-23T15:15:11 IST" skipped="0">
  <testcase classname="Selenium_Mock.ParallelClass2" name="test6" time="0.002"/>
  <system-out>
    <![CDATA[test 6]]>
  </system-out>
  <testcase classname="Selenium_Mock.ParallelClass2" name="test5" time="0.051"/>
  <system-out>
    <![CDATA[test 5]]>
  </system-out>
</testsuite> <!-- Selenium_Mock.ParallelClass2 -->
