<?xml version="1.0" encoding="UTF-8"?>
<!-- Generated by org.testng.reporters.JUnitReportReporter -->
<testsuite hostname="DESKTOP-0SMTTDJ" failures="0" tests="1" name="TestNG.Launching_SMSTest" time="27.715" errors="0" timestamp="2024-01-09T18:34:29 IST" skipped="0">
  <testcase classname="TestNG.Launching_SMSTest" name="LaunchTest" time="27.715"/>
  <system-out/>
</testsuite> <!-- TestNG.Launching_SMSTest -->
