<?xml version="1.0" encoding="UTF-8"?>
<!-- Generated by org.testng.reporters.JUnitReportReporter -->
<testsuite hostname="DESKTOP-0SMTTDJ" failures="0" tests="3" name="TestNG.MavenCommandTest" time="0.024" errors="0" timestamp="2024-01-09T17:57:27 IST" skipped="0">
  <testcase classname="TestNG.MavenCommandTest" name="mavenCommandTest3" time="0.004"/>
  <system-out/>
  <testcase classname="TestNG.MavenCommandTest" name="mavenCommandTest1" time="0.016"/>
  <system-out/>
  <testcase classname="TestNG.MavenCommandTest" name="mavenCommandTest2" time="0.004"/>
  <system-out/>
</testsuite> <!-- TestNG.MavenCommandTest -->
