<?xml version="1.0" encoding="UTF-8"?>
<!-- Generated by org.testng.reporters.JUnitReportReporter -->
<testsuite hostname="DESKTOP-0SMTTDJ" failures="0" tests="2" name="Selenium_Mock.ParallelClass" time="0.078" errors="0" timestamp="2024-01-23T15:15:11 IST" skipped="0">
  <testcase classname="Selenium_Mock.ParallelClass" name="test1" time="0.077"/>
  <system-out>
    <![CDATA[test 1 Executed]]>
  </system-out>
  <testcase classname="Selenium_Mock.ParallelClass" name="test2" time="0.001"/>
  <system-out>
    <![CDATA[Test 2 executed]]>
  </system-out>
</testsuite> <!-- Selenium_Mock.ParallelClass -->
