<?xml version="1.0" encoding="UTF-8"?>
<!-- Generated by org.testng.reporters.JUnitReportReporter -->
<testsuite hostname="DESKTOP-0SMTTDJ" failures="0" tests="1" name="Selenium_Mock.ParallelClass6" time="0.004" errors="0" timestamp="2024-01-23T15:15:11 IST" skipped="0">
  <testcase classname="Selenium_Mock.ParallelClass6" name="test11" time="0.004"/>
  <system-out/>
</testsuite> <!-- Selenium_Mock.ParallelClass6 -->
